[ 2026-06-06 13:54:41,499 ] 1025 httpx - INFO - HTTP Request: GET https://dagshub.com/api/v1/user "HTTP/1.1 200 OK"
[ 2026-06-06 13:54:41,512 ] 107 dagshub - INFO - Accessing as muheel19
[ 2026-06-06 13:54:42,784 ] 1025 httpx - INFO - HTTP Request: GET https://dagshub.com/api/v1/repos/muheel19/networksecurity "HTTP/1.1 200 OK"
[ 2026-06-06 13:54:43,440 ] 1025 httpx - INFO - HTTP Request: GET https://dagshub.com/api/v1/user "HTTP/1.1 200 OK"
[ 2026-06-06 13:54:43,455 ] 107 dagshub - INFO - Initialized MLflow to track repo "muheel19/networksecurity"
[ 2026-06-06 13:54:43,455 ] 107 dagshub - INFO - Repository muheel19/networksecurity initialized!
[ 2026-06-06 13:54:43,455 ] 20 root - INFO - Initiate the data ingestion
[ 2026-06-06 13:54:47,503 ] 65 root - INFO - Performed train test split on the dataframe
[ 2026-06-06 13:54:47,503 ] 67 root - INFO - Exited split_data_as_train_test method of Data_Ingestion class
[ 2026-06-06 13:54:47,503 ] 75 root - INFO - Exporting train and test file path.
[ 2026-06-06 13:54:47,582 ] 84 root - INFO - Exported train and test file path.
[ 2026-06-06 13:54:47,582 ] 22 root - INFO - Data Initiation Completed
[ 2026-06-06 13:54:47,585 ] 26 root - INFO - Initiate the data Validation
[ 2026-06-06 13:54:47,660 ] 32 root - INFO - Required number of columns:2
[ 2026-06-06 13:54:47,660 ] 33 root - INFO - Data frame has columns:31
[ 2026-06-06 13:54:47,660 ] 32 root - INFO - Required number of columns:2
[ 2026-06-06 13:54:47,660 ] 33 root - INFO - Data frame has columns:31
[ 2026-06-06 13:54:47,804 ] 28 root - INFO - data Validation Completed
[ 2026-06-06 13:54:47,804 ] 31 root - INFO - data Transformation started
[ 2026-06-06 13:54:47,804 ] 63 root - INFO - Entered initiate_data_transformation method of DataTransformation class
[ 2026-06-06 13:54:47,804 ] 65 root - INFO - Starting data transformation
[ 2026-06-06 13:54:47,837 ] 48 root - INFO - Entered get_data_trnasformer_object method of Trnasformation class
[ 2026-06-06 13:54:47,837 ] 53 root - INFO - Initialise KNNImputer with {'missing_values': nan, 'n_neighbors': 3, 'weights': 'uniform'}
[ 2026-06-06 13:54:47,850 ] 46 root - INFO - Entered the save_object method of MainUtils class
[ 2026-06-06 13:54:47,854 ] 50 root - INFO - Exited the save_object method of MainUtils class
[ 2026-06-06 13:54:47,854 ] 46 root - INFO - Entered the save_object method of MainUtils class
[ 2026-06-06 13:54:47,856 ] 50 root - INFO - Exited the save_object method of MainUtils class
[ 2026-06-06 13:54:47,856 ] 35 root - INFO - data Transformation completed
[ 2026-06-06 13:54:47,856 ] 37 root - INFO - Model Training sstared
[ 2026-06-06 13:59:58,956 ] 46 root - INFO - Entered the save_object method of MainUtils class
[ 2026-06-06 13:59:58,957 ] 50 root - INFO - Exited the save_object method of MainUtils class
[ 2026-06-06 13:59:58,957 ] 46 root - INFO - Entered the save_object method of MainUtils class
[ 2026-06-06 13:59:59,009 ] 50 root - INFO - Exited the save_object method of MainUtils class
[ 2026-06-06 13:59:59,009 ] 128 root - INFO - Model trainer artifact: ModelTrainerArtifact(trained_model_file_path='Artifacts\\06_06_2026_13_54_36\\model_trainer\\trained_model\\model.pkl', train_metric_artifact=ClassificationMetricArtifact(f1_score=0.9911236635061529, precision_score=0.9871408479003416, recall_score=0.9951387482276687), test_metric_artifact=ClassificationMetricArtifact(f1_score=0.9788101059494703, precision_score=0.973257698541329, recall_score=0.9844262295081967))
[ 2026-06-06 13:59:59,009 ] 42 root - INFO - Model Training artifact created
