[ 2026-06-05 13:06:57,946 ] 1025 httpx - INFO - HTTP Request: GET https://dagshub.com/api/v1/user "HTTP/1.1 200 OK"
[ 2026-06-05 13:06:57,952 ] 107 dagshub - INFO - Accessing as muheel19
[ 2026-06-05 13:06:59,107 ] 1025 httpx - INFO - HTTP Request: GET https://dagshub.com/api/v1/repos/muheel19/networksecurity "HTTP/1.1 200 OK"
[ 2026-06-05 13:07:00,294 ] 1025 httpx - INFO - HTTP Request: GET https://dagshub.com/api/v1/user "HTTP/1.1 200 OK"
[ 2026-06-05 13:07:00,296 ] 107 dagshub - INFO - Initialized MLflow to track repo "muheel19/networksecurity"
[ 2026-06-05 13:07:00,296 ] 107 dagshub - INFO - Repository muheel19/networksecurity initialized!
[ 2026-06-05 13:07:46,123 ] 42 root - INFO - Start data Ingestion
[ 2026-06-05 13:07:52,379 ] 65 root - INFO - Performed train test split on the dataframe
[ 2026-06-05 13:07:52,380 ] 67 root - INFO - Exited split_data_as_train_test method of Data_Ingestion class
[ 2026-06-05 13:07:52,381 ] 75 root - INFO - Exporting train and test file path.
[ 2026-06-05 13:07:52,459 ] 84 root - INFO - Exported train and test file path.
[ 2026-06-05 13:07:52,459 ] 45 root - INFO - Data Ingestion completed and artifact: DataIngestionArtifact(trained_file_path='Artifacts\\06_05_2026_13_06_53\\data_ingestion\\ingested\\train.csv', test_file_path='Artifacts\\06_05_2026_13_06_53\\data_ingestion\\ingested\\test.csv')
[ 2026-06-05 13:07:52,473 ] 55 root - INFO - Initiate the data Validation
[ 2026-06-05 13:07:52,552 ] 32 root - INFO - Required number of columns:2
[ 2026-06-05 13:07:52,552 ] 33 root - INFO - Data frame has columns:31
[ 2026-06-05 13:07:52,552 ] 32 root - INFO - Required number of columns:2
[ 2026-06-05 13:07:52,552 ] 33 root - INFO - Data frame has columns:31
[ 2026-06-05 13:07:52,816 ] 63 root - INFO - Entered initiate_data_transformation method of DataTransformation class
[ 2026-06-05 13:07:52,816 ] 65 root - INFO - Starting data transformation
[ 2026-06-05 13:07:52,844 ] 48 root - INFO - Entered get_data_trnasformer_object method of Trnasformation class
[ 2026-06-05 13:07:52,844 ] 53 root - INFO - Initialise KNNImputer with {'missing_values': nan, 'n_neighbors': 3, 'weights': 'uniform'}
[ 2026-06-05 13:07:52,861 ] 46 root - INFO - Entered the save_object method of MainUtils class
[ 2026-06-05 13:07:52,865 ] 50 root - INFO - Exited the save_object method of MainUtils class
[ 2026-06-05 13:07:52,865 ] 46 root - INFO - Entered the save_object method of MainUtils class
[ 2026-06-05 13:07:52,868 ] 50 root - INFO - Exited the save_object method of MainUtils class
[ 2026-06-05 13:15:52,063 ] 46 root - INFO - Entered the save_object method of MainUtils class
[ 2026-06-05 13:15:52,069 ] 50 root - INFO - Exited the save_object method of MainUtils class
[ 2026-06-05 13:15:52,070 ] 46 root - INFO - Entered the save_object method of MainUtils class
[ 2026-06-05 13:15:52,159 ] 50 root - INFO - Exited the save_object method of MainUtils class
[ 2026-06-05 13:15:52,160 ] 128 root - INFO - Model trainer artifact: ModelTrainerArtifact(trained_model_file_path='Artifacts\\06_05_2026_13_06_53\\model_trainer\\trained_model\\model.pkl', train_metric_artifact=ClassificationMetricArtifact(f1_score=0.9913889170296829, precision_score=0.9876867178037949, recall_score=0.9951189749847468), test_metric_artifact=ClassificationMetricArtifact(f1_score=0.9735152487961477, precision_score=0.9688498402555911, recall_score=0.978225806451613))
