[ 2026-06-06 14:00:31,829 ] 1025 httpx - INFO - HTTP Request: GET https://dagshub.com/api/v1/user "HTTP/1.1 200 OK"
[ 2026-06-06 14:00:31,848 ] 107 dagshub - INFO - Accessing as muheel19
[ 2026-06-06 14:00:33,072 ] 1025 httpx - INFO - HTTP Request: GET https://dagshub.com/api/v1/repos/muheel19/networksecurity "HTTP/1.1 200 OK"
[ 2026-06-06 14:00:34,293 ] 1025 httpx - INFO - HTTP Request: GET https://dagshub.com/api/v1/user "HTTP/1.1 200 OK"
[ 2026-06-06 14:00:34,306 ] 107 dagshub - INFO - Initialized MLflow to track repo "muheel19/networksecurity"
[ 2026-06-06 14:00:34,308 ] 107 dagshub - INFO - Repository muheel19/networksecurity initialized!
[ 2026-06-06 14:05:25,149 ] 42 root - INFO - Start data Ingestion
[ 2026-06-06 14:05:28,667 ] 65 root - INFO - Performed train test split on the dataframe
[ 2026-06-06 14:05:28,667 ] 67 root - INFO - Exited split_data_as_train_test method of Data_Ingestion class
[ 2026-06-06 14:05:28,667 ] 75 root - INFO - Exporting train and test file path.
[ 2026-06-06 14:05:28,729 ] 84 root - INFO - Exported train and test file path.
[ 2026-06-06 14:05:28,729 ] 45 root - INFO - Data Ingestion completed and artifact: DataIngestionArtifact(trained_file_path='Artifacts\\06_06_2026_14_00_27\\data_ingestion\\ingested\\train.csv', test_file_path='Artifacts\\06_06_2026_14_00_27\\data_ingestion\\ingested\\test.csv')
[ 2026-06-06 14:05:28,732 ] 55 root - INFO - Initiate the data Validation
[ 2026-06-06 14:05:28,809 ] 32 root - INFO - Required number of columns:2
[ 2026-06-06 14:05:28,809 ] 33 root - INFO - Data frame has columns:31
[ 2026-06-06 14:05:28,809 ] 32 root - INFO - Required number of columns:2
[ 2026-06-06 14:05:28,809 ] 33 root - INFO - Data frame has columns:31
[ 2026-06-06 14:05:28,955 ] 63 root - INFO - Entered initiate_data_transformation method of DataTransformation class
[ 2026-06-06 14:05:28,955 ] 65 root - INFO - Starting data transformation
[ 2026-06-06 14:05:28,969 ] 48 root - INFO - Entered get_data_trnasformer_object method of Trnasformation class
[ 2026-06-06 14:05:28,969 ] 53 root - INFO - Initialise KNNImputer with {'missing_values': nan, 'n_neighbors': 3, 'weights': 'uniform'}
[ 2026-06-06 14:05:28,992 ] 46 root - INFO - Entered the save_object method of MainUtils class
[ 2026-06-06 14:05:28,994 ] 50 root - INFO - Exited the save_object method of MainUtils class
[ 2026-06-06 14:05:28,994 ] 46 root - INFO - Entered the save_object method of MainUtils class
[ 2026-06-06 14:05:28,994 ] 50 root - INFO - Exited the save_object method of MainUtils class
[ 2026-06-06 14:11:39,845 ] 46 root - INFO - Entered the save_object method of MainUtils class
[ 2026-06-06 14:11:39,848 ] 50 root - INFO - Exited the save_object method of MainUtils class
[ 2026-06-06 14:11:39,848 ] 46 root - INFO - Entered the save_object method of MainUtils class
[ 2026-06-06 14:11:39,941 ] 50 root - INFO - Exited the save_object method of MainUtils class
[ 2026-06-06 14:11:39,942 ] 128 root - INFO - Model trainer artifact: ModelTrainerArtifact(trained_model_file_path='Artifacts\\06_06_2026_14_00_27\\model_trainer\\trained_model\\model.pkl', train_metric_artifact=ClassificationMetricArtifact(f1_score=0.9918929874341306, precision_score=0.9890864995957963, recall_score=0.9947154471544716), test_metric_artifact=ClassificationMetricArtifact(f1_score=0.9743384121892542, precision_score=0.9665871121718377, recall_score=0.9822150363783346))
[ 2026-06-07 12:12:12,705 ] 42 root - INFO - Start data Ingestion
