[ 2026-06-07 12:13:18,772 ] 1025 httpx - INFO - HTTP Request: GET https://dagshub.com/api/v1/user "HTTP/1.1 200 OK"
[ 2026-06-07 12:13:18,786 ] 107 dagshub - INFO - Accessing as muheel19
[ 2026-06-07 12:13:22,251 ] 1025 httpx - INFO - HTTP Request: GET https://dagshub.com/api/v1/repos/muheel19/networksecurity "HTTP/1.1 200 OK"
[ 2026-06-07 12:13:23,456 ] 1025 httpx - INFO - HTTP Request: GET https://dagshub.com/api/v1/user "HTTP/1.1 200 OK"
[ 2026-06-07 12:13:23,472 ] 107 dagshub - INFO - Initialized MLflow to track repo "muheel19/networksecurity"
[ 2026-06-07 12:13:23,472 ] 107 dagshub - INFO - Repository muheel19/networksecurity initialized!
[ 2026-06-07 12:13:24,997 ] 309 watchfiles.main - INFO - 2 changes detected
[ 2026-06-07 12:13:25,349 ] 309 watchfiles.main - INFO - 1 change detected
[ 2026-06-07 12:13:26,311 ] 309 watchfiles.main - INFO - 1 change detected
[ 2026-06-07 12:14:10,562 ] 309 watchfiles.main - INFO - 4 changes detected
[ 2026-06-07 12:14:10,920 ] 309 watchfiles.main - INFO - 6 changes detected
[ 2026-06-07 12:14:11,272 ] 309 watchfiles.main - INFO - 15 changes detected
[ 2026-06-07 12:14:11,628 ] 309 watchfiles.main - INFO - 3 changes detected
[ 2026-06-07 12:14:12,547 ] 309 watchfiles.main - INFO - 1 change detected
[ 2026-06-07 12:25:46,640 ] 309 watchfiles.main - INFO - 4 changes detected
[ 2026-06-07 12:25:46,992 ] 309 watchfiles.main - INFO - 1 change detected
[ 2026-06-07 12:25:48,706 ] 309 watchfiles.main - INFO - 1 change detected
[ 2026-06-07 12:27:09,716 ] 309 watchfiles.main - INFO - 1 change detected
[ 2026-06-07 12:27:11,545 ] 309 watchfiles.main - INFO - 1 change detected
[ 2026-06-07 12:27:12,200 ] 309 watchfiles.main - INFO - 7 changes detected
[ 2026-06-07 12:27:12,613 ] 309 watchfiles.main - INFO - 1 change detected
[ 2026-06-07 12:27:16,216 ] 309 watchfiles.main - INFO - 1 change detected
